<?xml version="1.0" encoding="UTF-8"?>
<!-- Generated by org.testng.reporters.JUnitReportReporter -->
<testsuite hostname="DESKTOP-V4BS9FH" failures="0" tests="1" name="TestRunner.InvokeBrowser" time="46.326" errors="0" timestamp="2022-02-12T12:37:06 IST" skipped="0">
  <testcase classname="TestRunner.InvokeBrowser" name="invoke" time="46.326"/>
  <system-out/>
</testsuite> <!-- TestRunner.InvokeBrowser -->
