<?xml version="1.0" encoding="UTF-8"?>
<!-- Generated by org.testng.reporters.JUnitReportReporter -->
<testsuite hostname="DESKTOP-V4BS9FH" failures="0" tests="1" name="TestRunner.InvokeBrowser" time="57.606" errors="0" timestamp="2022-02-16T03:13:31 IST" skipped="0">
  <testcase classname="TestRunner.InvokeBrowser" name="deleteCandidate" time="57.606"/>
  <system-out/>
</testsuite> <!-- TestRunner.InvokeBrowser -->
